{'InvoiceNo': '536551', 'StockCode': '21592', 'Description': 'RETROSPOT CIGAR BOX MATCHES ', 'Quantity': 2, 'InvoiceDate': '2010-12-01T14:34:00', 'UnitPrice': 1.25, 'CustomerID': '17346', 'Country': 'United Kingdom', 'TotalAmount': 2.5}
{'InvoiceNo': '536551', 'StockCode': '79144B', 'Description': 'PAINTED LIGHTBULB STAR+ MOON', 'Quantity': 2, 'InvoiceDate': '2010-12-01T14:34:00', 'UnitPrice': 0.42, 'CustomerID': '17346', 'Country': 'United Kingdom', 'TotalAmount': 0.84}
{'InvoiceNo': '536551', 'StockCode': '22900', 'Description': ' SET 2 TEA TOWELS I LOVE LONDON ', 'Quantity': 1, 'InvoiceDate': '2010-12-01T14:34:00', 'UnitPrice': 2.95, 'CustomerID': '17346', 'Country': 'United Kingdom', 'TotalAmount': 2.95}
{'InvoiceNo': '536551', 'StockCode': '22551', 'Description': 'PLASTERS IN TIN SPACEBOY', 'Quantity': 1, 'InvoiceDate': '2010-12-01T14:34:00', 'UnitPrice': 1.65, 'CustomerID': '17346', 'Country': 'United Kingdom', 'TotalAmount': 1.65}
{'InvoiceNo': '536551', 'StockCode': '22310', 'Description': 'IVORY KNITTED MUG COSY ', 'Quantity': 2, 'InvoiceDate': '2010-12-01T14:34:00', 'UnitPrice': 1.65, 'CustomerID': '17346', 'Country': 'United Kingdom', 'TotalAmount': 3.3}
{'InvoiceNo': '536551', 'StockCode': '22551', 'Description': 'PLASTERS IN TIN SPACEBOY', 'Quantity': 1, 'InvoiceDate': '2010-12-01T14:34:00', 'UnitPrice': 1.65, 'CustomerID': '17346', 'Country': 'United Kingdom', 'TotalAmount': 1.65}
{'InvoiceNo': '536551', 'StockCode': '22310', 'Description': 'IVORY KNITTED MUG COSY ', 'Quantity': 2, 'InvoiceDate': '2010-12-01T14:34:00', 'UnitPrice': 1.65, 'CustomerID': '17346', 'Country': 'United Kingdom', 'TotalAmount': 3.3}
{'InvoiceNo': '536551', 'StockCode': '22663', 'Description': 'JUMBO BAG DOLLY GIRL DESIGN', 'Quantity': 4, 'InvoiceDate': '2010-12-01T14:34:00', 'UnitPrice': 1.95, 'CustomerID': '17346', 'Country': 'United Kingdom', 'TotalAmount': 7.8}
{'InvoiceNo': '536551', 'StockCode': '22659', 'Description': 'LUNCH BOX I LOVE LONDON', 'Quantity': 1, 'InvoiceDate': '2010-12-01T14:34:00', 'UnitPrice': 1.95, 'CustomerID': '17346', 'Country': 'United Kingdom', 'TotalAmount': 1.95}
{'InvoiceNo': '536551', 'StockCode': '84949', 'Description': 'SILVER HANGING T-LIGHT HOLDER', 'Quantity': 6, 'InvoiceDate': '2010-12-01T14:34:00', 'UnitPrice': 1.65, 'CustomerID': '17346', 'Country': 'United Kingdom', 'TotalAmount': 9.899999999999999}
{'InvoiceNo': '536551', 'StockCode': '22551', 'Description': 'PLASTERS IN TIN SPACEBOY', 'Quantity': 1, 'InvoiceDate': '2010-12-01T14:34:00', 'UnitPrice': 1.65, 'CustomerID': '17346', 'Country': 'United Kingdom', 'TotalAmount': 1.65}
{'InvoiceNo': '536551', 'StockCode': '22310', 'Description': 'IVORY KNITTED MUG COSY ', 'Quantity': 4, 'InvoiceDate': '2010-12-01T14:34:00', 'UnitPrice': 1.65, 'CustomerID': '17346', 'Country': 'United Kingdom', 'TotalAmount': 6.6}
{'InvoiceNo': '536551', 'StockCode': '21592', 'Description': 'RETROSPOT CIGAR BOX MATCHES ', 'Quantity': 1, 'InvoiceDate': '2010-12-01T14:34:00', 'UnitPrice': 1.25, 'CustomerID': '17346', 'Country': 'United Kingdom', 'TotalAmount': 1.25}
{'InvoiceNo': '536551', 'StockCode': '22112', 'Description': 'CHOCOLATE HOT WATER BOTTLE', 'Quantity': 1, 'InvoiceDate': '2010-12-01T14:34:00', 'UnitPrice': 4.95, 'CustomerID': '17346', 'Country': 'United Kingdom', 'TotalAmount': 4.95}
{'InvoiceNo': '536554', 'StockCode': '84670', 'Description': None, 'Quantity': 23, 'InvoiceDate': '2010-12-01 14:35:00', 'UnitPrice': 0.0, 'CustomerID': None, 'Country': 'United Kingdom'}
{'InvoiceNo': '536555', 'StockCode': '20697', 'Description': 'LITTLE GREEN MONSTER SOFT TOY', 'Quantity': 1, 'InvoiceDate': '2010-12-01 14:37:00', 'UnitPrice': 2.55, 'CustomerID': None, 'Country': 'United Kingdom'}
{'InvoiceNo': '536555', 'StockCode': '22716', 'Description': 'CARD CIRCUS PARADE', 'Quantity': 1, 'InvoiceDate': '2010-12-01 14:37:00', 'UnitPrice': 0.42, 'CustomerID': None, 'Country': 'United Kingdom'}
{'InvoiceNo': '536551', 'StockCode': '22551', 'Description': 'PLASTERS IN TIN SPACEBOY', 'Quantity': 1, 'InvoiceDate': '2010-12-01T14:34:00', 'UnitPrice': 1.65, 'CustomerID': '17346', 'Country': 'United Kingdom', 'TotalAmount': 1.65}
{'InvoiceNo': '536551', 'StockCode': '22310', 'Description': 'IVORY KNITTED MUG COSY ', 'Quantity': 4, 'InvoiceDate': '2010-12-01T14:34:00', 'UnitPrice': 1.65, 'CustomerID': '17346', 'Country': 'United Kingdom', 'TotalAmount': 6.6}
{'InvoiceNo': '536551', 'StockCode': '22111', 'Description': 'SCOTTIE DOG HOT WATER BOTTLE', 'Quantity': 1, 'InvoiceDate': '2010-12-01T14:34:00', 'UnitPrice': 4.95, 'CustomerID': '17346', 'Country': 'United Kingdom', 'TotalAmount': 4.95}
{'InvoiceNo': '536551', 'StockCode': '21592', 'Description': 'RETROSPOT CIGAR BOX MATCHES ', 'Quantity': 1, 'InvoiceDate': '2010-12-01T14:34:00', 'UnitPrice': 1.25, 'CustomerID': '17346', 'Country': 'United Kingdom', 'TotalAmount': 1.25}
{'InvoiceNo': '536551', 'StockCode': '22112', 'Description': 'CHOCOLATE HOT WATER BOTTLE', 'Quantity': 1, 'InvoiceDate': '2010-12-01T14:34:00', 'UnitPrice': 4.95, 'CustomerID': '17346', 'Country': 'United Kingdom', 'TotalAmount': 4.95}
{'InvoiceNo': '536551', 'StockCode': '22895', 'Description': 'SET OF 2 TEA TOWELS APPLE AND PEARS', 'Quantity': 1, 'InvoiceDate': '2010-12-01T14:34:00', 'UnitPrice': 2.95, 'CustomerID': '17346', 'Country': 'United Kingdom', 'TotalAmount': 2.95}
{'InvoiceNo': '536552', 'StockCode': '20950', 'Description': None, 'Quantity': 1, 'InvoiceDate': '2010-12-01 14:34:00', 'UnitPrice': 0.0, 'CustomerID': None, 'Country': 'United Kingdom'}
{'InvoiceNo': '536553', 'StockCode': '37461', 'Description': None, 'Quantity': 3, 'InvoiceDate': '2010-12-01 14:35:00', 'UnitPrice': 0.0, 'CustomerID': None, 'Country': 'United Kingdom'}
{'InvoiceNo': '536554', 'StockCode': '84670', 'Description': None, 'Quantity': 23, 'InvoiceDate': '2010-12-01 14:35:00', 'UnitPrice': 0.0, 'CustomerID': None, 'Country': 'United Kingdom'}
{'InvoiceNo': '536555', 'StockCode': '20697', 'Description': 'LITTLE GREEN MONSTER SOFT TOY', 'Quantity': 1, 'InvoiceDate': '2010-12-01 14:37:00', 'UnitPrice': 2.55, 'CustomerID': None, 'Country': 'United Kingdom'}
{'InvoiceNo': '536555', 'StockCode': '22716', 'Description': 'CARD CIRCUS PARADE', 'Quantity': 1, 'InvoiceDate': '2010-12-01 14:37:00', 'UnitPrice': 0.42, 'CustomerID': None, 'Country': 'United Kingdom'}
{'InvoiceNo': '536556', 'StockCode': '22599', 'Description': 'CHRISTMAS MUSICAL ZINC STAR', 'Quantity': 12, 'InvoiceDate': '2010-12-01T14:38:00', 'UnitPrice': 0.85, 'CustomerID': '17643', 'Country': 'United Kingdom', 'TotalAmount': 10.2}
{'InvoiceNo': '536557', 'StockCode': '21485', 'Description': 'RETROSPOT HEART HOT WATER BOTTLE', 'Quantity': 2, 'InvoiceDate': '2010-12-01T14:41:00', 'UnitPrice': 4.95, 'CustomerID': '17841', 'Country': 'United Kingdom', 'TotalAmount': 9.9}
{'InvoiceNo': '536557', 'StockCode': '85232B', 'Description': 'SET OF 3 BABUSHKA STACKING TINS', 'Quantity': 1, 'InvoiceDate': '2010-12-01T14:41:00', 'UnitPrice': 4.95, 'CustomerID': '17841', 'Country': 'United Kingdom', 'TotalAmount': 4.95}
{'InvoiceNo': '536557', 'StockCode': '22114', 'Description': 'HOT WATER BOTTLE TEA AND SYMPATHY', 'Quantity': 1, 'InvoiceDate': '2010-12-01T14:41:00', 'UnitPrice': 3.95, 'CustomerID': '17841', 'Country': 'United Kingdom', 'TotalAmount': 3.95}
{'InvoiceNo': '536558', 'StockCode': '22802', 'Description': 'FAUX FUR CHOCOLATE THROW', 'Quantity': 5, 'InvoiceDate': '2010-12-01 14:48:00', 'UnitPrice': 19.95, 'CustomerID': None, 'Country': 'United Kingdom'}
{'InvoiceNo': '536559', 'StockCode': '51014C', 'Description': 'FEATHER PEN,COAL BLACK', 'Quantity': 12, 'InvoiceDate': '2010-12-01T14:54:00', 'UnitPrice': 0.85, 'CustomerID': '17873', 'Country': 'United Kingdom', 'TotalAmount': 10.2}
{'InvoiceNo': '536565', 'StockCode': '21372', 'Description': 'MIRRORED WALL ART TABLE LAMP', 'Quantity': 1, 'InvoiceDate': '2010-12-01 15:15:00', 'UnitPrice': 2.95, 'CustomerID': None, 'Country': 'United Kingdom'}
{'InvoiceNo': '536565', 'StockCode': '21369', 'Description': 'MIRRORED WALL ART SPLODGES', 'Quantity': 1, 'InvoiceDate': '2010-12-01 15:15:00', 'UnitPrice': 3.75, 'CustomerID': None, 'Country': 'United Kingdom'}
{'InvoiceNo': '536569', 'StockCode': '22111', 'Description': 'SCOTTIE DOG HOT WATER BOTTLE', 'Quantity': 1, 'InvoiceDate': '2010-12-01T15:35:00', 'UnitPrice': 4.95, 'CustomerID': '16274', 'Country': 'United Kingdom', 'TotalAmount': 4.95}
{'InvoiceNo': '536569', 'StockCode': '21809', 'Description': 'CHRISTMAS HANGING TREE WITH BELL', 'Quantity': 1, 'InvoiceDate': '2010-12-01T15:35:00', 'UnitPrice': 1.25, 'CustomerID': '16274', 'Country': 'United Kingdom', 'TotalAmount': 1.25}
{'InvoiceNo': '536569', 'StockCode': 'M', 'Description': 'Manual', 'Quantity': 1, 'InvoiceDate': '2010-12-01T15:35:00', 'UnitPrice': 18.95, 'CustomerID': '16274', 'Country': 'United Kingdom', 'TotalAmount': 18.95}
{'InvoiceNo': '536589', 'StockCode': '21777', 'Description': None, 'Quantity': -10, 'InvoiceDate': '2010-12-01 16:50:00', 'UnitPrice': 0.0, 'CustomerID': None, 'Country': 'United Kingdom'}
{'InvoiceNo': '536592', 'StockCode': '10135', 'Description': 'COLOURING PENCILS BROWN TUBE', 'Quantity': 1, 'InvoiceDate': '2010-12-01 17:06:00', 'UnitPrice': 2.51, 'CustomerID': None, 'Country': 'United Kingdom'}
{'InvoiceNo': '536592', 'StockCode': '16168M', 'Description': 'FUNKY MONKEY GIFT BAG MEDIUM', 'Quantity': 2, 'InvoiceDate': '2010-12-01 17:06:00', 'UnitPrice': 0.85, 'CustomerID': None, 'Country': 'United Kingdom'}
{'InvoiceNo': '536592', 'StockCode': '16236', 'Description': 'KITTY PENCIL ERASERS', 'Quantity': 1, 'InvoiceDate': '2010-12-01 17:06:00', 'UnitPrice': 0.43, 'CustomerID': None, 'Country': 'United Kingdom'}
{'InvoiceNo': '536592', 'StockCode': '16237', 'Description': 'SLEEPING CAT ERASERS', 'Quantity': 6, 'InvoiceDate': '2010-12-01 17:06:00', 'UnitPrice': 0.43, 'CustomerID': None, 'Country': 'United Kingdom'}
{'InvoiceNo': '536592', 'StockCode': '16238', 'Description': 'PARTY TIME PENCIL ERASERS', 'Quantity': 5, 'InvoiceDate': '2010-12-01 17:06:00', 'UnitPrice': 0.43, 'CustomerID': None, 'Country': 'United Kingdom'}
{'InvoiceNo': '536592', 'StockCode': '17012A', 'Description': 'ORIGAMI VANILLA INCENSE/CANDLE SET ', 'Quantity': 1, 'InvoiceDate': '2010-12-01 17:06:00', 'UnitPrice': 2.51, 'CustomerID': None, 'Country': 'United Kingdom'}
{'InvoiceNo': '536592', 'StockCode': '17012B', 'Description': 'ORIGAMI JASMINE INCENSE/CANDLE SET', 'Quantity': 1, 'InvoiceDate': '2010-12-01 17:06:00', 'UnitPrice': 2.51, 'CustomerID': None, 'Country': 'United Kingdom'}
{'InvoiceNo': '536592', 'StockCode': '17012C', 'Description': 'ORIGAMI LAVENDER INCENSE/CANDL SET ', 'Quantity': 1, 'InvoiceDate': '2010-12-01 17:06:00', 'UnitPrice': 2.51, 'CustomerID': None, 'Country': 'United Kingdom'}
{'InvoiceNo': '536592', 'StockCode': '17012D', 'Description': 'ORIGAMI ROSE INCENSE/CANDLE SET ', 'Quantity': 1, 'InvoiceDate': '2010-12-01 17:06:00', 'UnitPrice': 2.51, 'CustomerID': None, 'Country': 'United Kingdom'}
{'InvoiceNo': '536592', 'StockCode': '17012E', 'Description': 'ORIGAMI OPIUM INCENSE/CANDLE SET ', 'Quantity': 1, 'InvoiceDate': '2010-12-01 17:06:00', 'UnitPrice': 2.51, 'CustomerID': None, 'Country': 'United Kingdom'}
{'InvoiceNo': '536592', 'StockCode': '17012F', 'Description': 'ORIGAMI SANDLEWOOD INCENSE/CAND SET', 'Quantity': 1, 'InvoiceDate': '2010-12-01 17:06:00', 'UnitPrice': 2.51, 'CustomerID': None, 'Country': 'United Kingdom'}
{'InvoiceNo': '536592', 'StockCode': '17014A', 'Description': 'ORIGAMI VANILLA INCENSE CONES', 'Quantity': 1, 'InvoiceDate': '2010-12-01 17:06:00', 'UnitPrice': 3.36, 'CustomerID': None, 'Country': 'United Kingdom'}
{'InvoiceNo': '536592', 'StockCode': '17084N', 'Description': 'FAIRY DREAMS INCENSE ', 'Quantity': 2, 'InvoiceDate': '2010-12-01 17:06:00', 'UnitPrice': 0.43, 'CustomerID': None, 'Country': 'United Kingdom'}
{'InvoiceNo': '536592', 'StockCode': '17084P', 'Description': 'DRAGONS BLOOD INCENSE', 'Quantity': 1, 'InvoiceDate': '2010-12-01 17:06:00', 'UnitPrice': 0.43, 'CustomerID': None, 'Country': 'United Kingdom'}
{'InvoiceNo': '536592', 'StockCode': '20616', 'Description': 'CHERRY BLOSSOM PASSPORT COVER', 'Quantity': 1, 'InvoiceDate': '2010-12-01 17:06:00', 'UnitPrice': 4.21, 'CustomerID': None, 'Country': 'United Kingdom'}
{'InvoiceNo': '536592', 'StockCode': '20617', 'Description': 'FIRST CLASS PASSPORT COVER ', 'Quantity': 1, 'InvoiceDate': '2010-12-01 17:06:00', 'UnitPrice': 4.21, 'CustomerID': None, 'Country': 'United Kingdom'}
{'InvoiceNo': '536592', 'StockCode': '20619', 'Description': 'TROPICAL PASSPORT COVER ', 'Quantity': 1, 'InvoiceDate': '2010-12-01 17:06:00', 'UnitPrice': 4.21, 'CustomerID': None, 'Country': 'United Kingdom'}
{'InvoiceNo': '536592', 'StockCode': '20653', 'Description': 'CHERRY BLOSSOM LUGGAGE TAG', 'Quantity': 1, 'InvoiceDate': '2010-12-01 17:06:00', 'UnitPrice': 2.51, 'CustomerID': None, 'Country': 'United Kingdom'}
{'InvoiceNo': '536592', 'StockCode': '20668', 'Description': 'DISCO BALL CHRISTMAS DECORATION', 'Quantity': 6, 'InvoiceDate': '2010-12-01 17:06:00', 'UnitPrice': 0.43, 'CustomerID': None, 'Country': 'United Kingdom'}
{'InvoiceNo': '536592', 'StockCode': '20681', 'Description': 'PINK POLKADOT CHILDRENS UMBRELLA', 'Quantity': 1, 'InvoiceDate': '2010-12-01 17:06:00', 'UnitPrice': 6.77, 'CustomerID': None, 'Country': 'United Kingdom'}
{'InvoiceNo': '536592', 'StockCode': '20682', 'Description': 'RED RETROSPOT CHILDRENS UMBRELLA', 'Quantity': 2, 'InvoiceDate': '2010-12-01 17:06:00', 'UnitPrice': 6.77, 'CustomerID': None, 'Country': 'United Kingdom'}
{'InvoiceNo': '536592', 'StockCode': '20696', 'Description': 'FLORAL SOFT CAR TOY', 'Quantity': 1, 'InvoiceDate': '2010-12-01 17:06:00', 'UnitPrice': 7.62, 'CustomerID': None, 'Country': 'United Kingdom'}
{'InvoiceNo': '536592', 'StockCode': '20699', 'Description': 'MOUSEY LONG LEGS SOFT TOY', 'Quantity': 2, 'InvoiceDate': '2010-12-01 17:06:00', 'UnitPrice': 5.06, 'CustomerID': None, 'Country': 'United Kingdom'}
{'InvoiceNo': '536592', 'StockCode': '20700', 'Description': 'GREEN CAT FLORAL CUSHION COVER ', 'Quantity': 1, 'InvoiceDate': '2010-12-01 17:06:00', 'UnitPrice': 10.17, 'CustomerID': None, 'Country': 'United Kingdom'}
{'InvoiceNo': '536592', 'StockCode': '20717', 'Description': 'STRAWBERRY SHOPPER BAG', 'Quantity': 1, 'InvoiceDate': '2010-12-01 17:06:00', 'UnitPrice': 2.51, 'CustomerID': None, 'Country': 'United Kingdom'}
{'InvoiceNo': '536592', 'StockCode': '20718', 'Description': 'RED RETROSPOT SHOPPER BAG', 'Quantity': 1, 'InvoiceDate': '2010-12-01 17:06:00', 'UnitPrice': 2.51, 'CustomerID': None, 'Country': 'United Kingdom'}
{'InvoiceNo': '536592', 'StockCode': '20723', 'Description': 'STRAWBERRY CHARLOTTE BAG', 'Quantity': 1, 'InvoiceDate': '2010-12-01 17:06:00', 'UnitPrice': 1.66, 'CustomerID': None, 'Country': 'United Kingdom'}
{'InvoiceNo': '536592', 'StockCode': '20724', 'Description': 'RED RETROSPOT CHARLOTTE BAG', 'Quantity': 1, 'InvoiceDate': '2010-12-01 17:06:00', 'UnitPrice': 1.66, 'CustomerID': None, 'Country': 'United Kingdom'}
{'InvoiceNo': '536592', 'StockCode': '20725', 'Description': 'LUNCH BAG RED RETROSPOT', 'Quantity': 2, 'InvoiceDate': '2010-12-01 17:06:00', 'UnitPrice': 4.21, 'CustomerID': None, 'Country': 'United Kingdom'}
{'InvoiceNo': '536592', 'StockCode': '20727', 'Description': 'LUNCH BAG  BLACK SKULL.', 'Quantity': 2, 'InvoiceDate': '2010-12-01 17:06:00', 'UnitPrice': 4.21, 'CustomerID': None, 'Country': 'United Kingdom'}
{'InvoiceNo': '536592', 'StockCode': '20733', 'Description': 'GOLD MINI TAPE MEASURE ', 'Quantity': 6, 'InvoiceDate': '2010-12-01 17:06:00', 'UnitPrice': 0.85, 'CustomerID': None, 'Country': 'United Kingdom'}
{'InvoiceNo': '536592', 'StockCode': '20735', 'Description': 'BLACK MINI TAPE MEASURE ', 'Quantity': 4, 'InvoiceDate': '2010-12-01 17:06:00', 'UnitPrice': 0.85, 'CustomerID': None, 'Country': 'United Kingdom'}
{'InvoiceNo': '536592', 'StockCode': '20752', 'Description': 'BLUE POLKADOT WASHING UP GLOVES', 'Quantity': 1, 'InvoiceDate': '2010-12-01 17:06:00', 'UnitPrice': 4.21, 'CustomerID': None, 'Country': 'United Kingdom'}
{'InvoiceNo': '536592', 'StockCode': '20754', 'Description': 'RETROSPOT RED WASHING UP GLOVES', 'Quantity': 1, 'InvoiceDate': '2010-12-01 17:06:00', 'UnitPrice': 4.21, 'CustomerID': None, 'Country': 'United Kingdom'}
{'InvoiceNo': '536592', 'StockCode': '20761', 'Description': 'BLUE PAISLEY SKETCHBOOK', 'Quantity': 1, 'InvoiceDate': '2010-12-01 17:06:00', 'UnitPrice': 7.62, 'CustomerID': None, 'Country': 'United Kingdom'}
{'InvoiceNo': '536592', 'StockCode': '20780', 'Description': 'BLACK EAR MUFF HEADPHONES', 'Quantity': 1, 'InvoiceDate': '2010-12-01 17:06:00', 'UnitPrice': 11.02, 'CustomerID': None, 'Country': 'United Kingdom'}
{'InvoiceNo': '536592', 'StockCode': '20846', 'Description': 'ZINC HEART LATTICE T-LIGHT HOLDER', 'Quantity': 1, 'InvoiceDate': '2010-12-01 17:06:00', 'UnitPrice': 2.51, 'CustomerID': None, 'Country': 'United Kingdom'}
{'InvoiceNo': '536592', 'StockCode': '20914', 'Description': 'SET/5 RED RETROSPOT LID GLASS BOWLS', 'Quantity': 1, 'InvoiceDate': '2010-12-01 17:06:00', 'UnitPrice': 5.91, 'CustomerID': None, 'Country': 'United Kingdom'}
{'InvoiceNo': '536592', 'StockCode': '20931', 'Description': 'BLUE POT PLANT CANDLE ', 'Quantity': 2, 'InvoiceDate': '2010-12-01 17:06:00', 'UnitPrice': 7.62, 'CustomerID': None, 'Country': 'United Kingdom'}
